<?xml version="1.0" encoding="UTF-8"?>
<!-- Generated by org.testng.reporters.JUnitReportReporter -->
<testsuite hostname="LAPTOP-Q5E25PUN" failures="0" tests="12" name="spotify.Spotify_jsonobject_api" time="20.438" errors="0" timestamp="2022-08-22T15:51:47 IST" skipped="0">
  <testcase classname="spotify.Spotify_jsonobject_api" name="Get_Current_Users_Profile" time="4.320"/>
  <system-out/>
  <testcase classname="spotify.Spotify_jsonobject_api" name="Get_Users_Profile" time="0.413"/>
  <system-out/>
  <testcase classname="spotify.Spotify_jsonobject_api" name="Create_Playlist1" time="0.782"/>
  <system-out/>
  <testcase classname="spotify.Spotify_jsonobject_api" name="Add_Items_to_Playlist" time="0.560"/>
  <system-out/>
  <testcase classname="spotify.Spotify_jsonobject_api" name="GetPlaylist" time="0.535"/>
  <system-out/>
  <testcase classname="spotify.Spotify_jsonobject_api" name="RemovePlaylistItem" time="0.579"/>
  <system-out/>
  <testcase classname="spotify.Spotify_jsonobject_api" name="GetUserPlaylist" time="1.713"/>
  <system-out/>
  <testcase classname="spotify.Spotify_jsonobject_api" name="GetPlaylistItems" time="7.653"/>
  <system-out/>
  <testcase classname="spotify.Spotify_jsonobject_api" name="GetCurrentUserPlaylists" time="0.678"/>
  <system-out/>
  <testcase classname="spotify.Spotify_jsonobject_api" name="UpdatePlaylistItems" time="0.961"/>
  <system-out/>
  <testcase classname="spotify.Spotify_jsonobject_api" name="ChangePlaylistDetails" time="0.967"/>
  <system-out/>
  <testcase classname="spotify.Spotify_jsonobject_api" name="SearchForItem" time="1.277"/>
  <system-out/>
</testsuite> <!-- spotify.Spotify_jsonobject_api -->
