<?xml version="1.0" encoding="UTF-8"?>
<!-- Generated by org.testng.reporters.JUnitReportReporter -->
<testsuite hostname="LAPTOP-Q5E25PUN" failures="0" tests="8" name="api.json" time="3.444" errors="0" timestamp="2022-08-18T16:02:16 IST" skipped="0">
  <testcase classname="api.json" name="getTest" time="2.948"/>
  <system-out/>
  <testcase classname="api.json" name="postTest" time="0.113"/>
  <system-out/>
  <testcase classname="api.json" name="putTest" time="0.084"/>
  <system-out/>
  <testcase classname="api.json" name="deleteTest" time="0.103"/>
  <system-out/>
  <testcase classname="api.json" name="getComment" time="0.042"/>
  <system-out/>
  <testcase classname="api.json" name="postComment" time="0.060"/>
  <system-out/>
  <testcase classname="api.json" name="putComment" time="0.047"/>
  <system-out/>
  <testcase classname="api.json" name="deleteComment" time="0.047"/>
  <system-out/>
</testsuite> <!-- api.json -->
